[debug] [2023-04-15T12:10:00.040Z] ----------------------------------------------------------------------
[debug] [2023-04-15T12:10:00.041Z] Command:       C:\Program Files\nodejs\node.exe C:\Users\diptu\AppData\Roaming\npm\node_modules\firebase-tools\lib\bin\firebase.js init
[debug] [2023-04-15T12:10:00.042Z] CLI Version:   11.27.0
[debug] [2023-04-15T12:10:00.042Z] Platform:      win32
[debug] [2023-04-15T12:10:00.042Z] Node Version:  v18.12.1
[debug] [2023-04-15T12:10:00.043Z] Time:          Sat Apr 15 2023 17:40:00 GMT+0530 (India Standard Time)
[debug] [2023-04-15T12:10:00.043Z] ----------------------------------------------------------------------
[debug] 
[debug] [2023-04-15T12:10:00.108Z] > command requires scopes: ["email","openid","https://www.googleapis.com/auth/cloudplatformprojects.readonly","https://www.googleapis.com/auth/firebase","https://www.googleapis.com/auth/cloud-platform"]
[debug] [2023-04-15T12:10:00.108Z] > authorizing via signed-in user (dipturkar@gmail.com)
[info] 
     ######## #### ########  ######## ########     ###     ######  ########
     ##        ##  ##     ## ##       ##     ##  ##   ##  ##       ##
     ######    ##  ########  ######   ########  #########  ######  ######
     ##        ##  ##    ##  ##       ##     ## ##     ##       ## ##
     ##       #### ##     ## ######## ########  ##     ##  ######  ########

You're about to initialize a Firebase project in this directory:

  C:\Users\diptu\Desktop\projects\goreeva-reactjs-quiz

Before we get started, keep in mind:

  * You are initializing within an existing Firebase project directory

